{
  "uid" : "d9792f41641644d3",
  "name" : "test_login_pwdFormat_error",
  "fullName" : "TestCases.test_logincase.test_login.Test_Login#test_login_pwdFormat_error",
  "historyId" : "5ff186fd6afcc46cfd2aa8ee4a7f3f2f",
  "time" : {
    "start" : 1610611764104,
    "stop" : 1610611764481,
    "duration" : 377
  },
  "status" : "failed",
  "statusMessage" : "AssertionError: assert False\n +  where False = <bound method LoginPage.checkPoint of <PageObjects.LoginPage.login_page.LoginPage object at 0x0000000003C6E070>>()\n +    where <bound method LoginPage.checkPoint of <PageObjects.LoginPage.login_page.LoginPage object at 0x0000000003C6E070>> = <PageObjects.LoginPage.login_page.LoginPage object at 0x0000000003C6E070>.checkPoint",
  "statusTrace" : "self = <TestCases.test_logincase.test_login.Test_Login object at 0x0000000003C6E220>, Driver = <selenium.webdriver.chrome.webdriver.WebDriver (session=\"68fbff58d9309bc4b77a0f264259e888\")>\n\n    @allure.story('测试密码错误')\n    def test_login_pwdFormat_error(self, Driver):\n        app = {\"driver\": Driver,\"path\": Element.test_login_pwdFail_data,\"caseName\": sys._getframe().f_code.co_name,\"num\":2}\n        page=LoginPage(app)\n        page.operate()\n>       assert page.checkPoint()\nE       assert False\nE        +  where False = <bound method LoginPage.checkPoint of <PageObjects.LoginPage.login_page.LoginPage object at 0x0000000003C6E070>>()\nE        +    where <bound method LoginPage.checkPoint of <PageObjects.LoginPage.login_page.LoginPage object at 0x0000000003C6E070>> = <PageObjects.LoginPage.login_page.LoginPage object at 0x0000000003C6E070>.checkPoint\n\nTestCases\\test_logincase\\test_login.py:35: AssertionError",
  "flaky" : false,
  "newFailed" : false,
  "beforeStages" : [ {
    "name" : "Driver",
    "time" : {
      "start" : 1610611736732,
      "stop" : 1610611760040,
      "duration" : 23308
    },
    "status" : "passed",
    "steps" : [ ],
    "attachments" : [ ],
    "parameters" : [ ],
    "attachmentsCount" : 0,
    "shouldDisplayMessage" : false,
    "stepsCount" : 0,
    "hasContent" : false
  } ],
  "testStage" : {
    "status" : "failed",
    "statusMessage" : "AssertionError: assert False\n +  where False = <bound method LoginPage.checkPoint of <PageObjects.LoginPage.login_page.LoginPage object at 0x0000000003C6E070>>()\n +    where <bound method LoginPage.checkPoint of <PageObjects.LoginPage.login_page.LoginPage object at 0x0000000003C6E070>> = <PageObjects.LoginPage.login_page.LoginPage object at 0x0000000003C6E070>.checkPoint",
    "statusTrace" : "self = <TestCases.test_logincase.test_login.Test_Login object at 0x0000000003C6E220>, Driver = <selenium.webdriver.chrome.webdriver.WebDriver (session=\"68fbff58d9309bc4b77a0f264259e888\")>\n\n    @allure.story('测试密码错误')\n    def test_login_pwdFormat_error(self, Driver):\n        app = {\"driver\": Driver,\"path\": Element.test_login_pwdFail_data,\"caseName\": sys._getframe().f_code.co_name,\"num\":2}\n        page=LoginPage(app)\n        page.operate()\n>       assert page.checkPoint()\nE       assert False\nE        +  where False = <bound method LoginPage.checkPoint of <PageObjects.LoginPage.login_page.LoginPage object at 0x0000000003C6E070>>()\nE        +    where <bound method LoginPage.checkPoint of <PageObjects.LoginPage.login_page.LoginPage object at 0x0000000003C6E070>> = <PageObjects.LoginPage.login_page.LoginPage object at 0x0000000003C6E070>.checkPoint\n\nTestCases\\test_logincase\\test_login.py:35: AssertionError",
    "steps" : [ ],
    "attachments" : [ {
      "uid" : "35496239bf5d9fdd",
      "name" : "log",
      "source" : "35496239bf5d9fdd.txt",
      "type" : "text/plain",
      "size" : 884
    } ],
    "parameters" : [ ],
    "attachmentsCount" : 1,
    "shouldDisplayMessage" : true,
    "stepsCount" : 0,
    "hasContent" : true
  },
  "afterStages" : [ {
    "name" : "Driver::0",
    "time" : {
      "start" : 1610611764746,
      "stop" : 1610611766889,
      "duration" : 2143
    },
    "status" : "passed",
    "steps" : [ ],
    "attachments" : [ ],
    "parameters" : [ ],
    "attachmentsCount" : 0,
    "shouldDisplayMessage" : false,
    "stepsCount" : 0,
    "hasContent" : false
  } ],
  "labels" : [ {
    "name" : "story",
    "value" : "测试密码错误"
  }, {
    "name" : "parentSuite",
    "value" : "TestCases.test_logincase"
  }, {
    "name" : "suite",
    "value" : "test_login"
  }, {
    "name" : "subSuite",
    "value" : "Test_Login"
  }, {
    "name" : "host",
    "value" : "USER-20190821YP"
  }, {
    "name" : "thread",
    "value" : "11416-MainThread"
  }, {
    "name" : "framework",
    "value" : "pytest"
  }, {
    "name" : "language",
    "value" : "cpython3"
  }, {
    "name" : "package",
    "value" : "TestCases.test_logincase.test_login"
  }, {
    "name" : "resultFormat",
    "value" : "allure2"
  } ],
  "parameters" : [ ],
  "links" : [ ],
  "hidden" : false,
  "retry" : false,
  "extra" : {
    "severity" : "normal",
    "retries" : [ ],
    "categories" : [ {
      "name" : "Product defects",
      "matchedStatuses" : [ ],
      "flaky" : false
    } ],
    "tags" : [ ]
  },
  "source" : "d9792f41641644d3.json",
  "parameterValues" : [ ]
}