{"name": "test_login_success", "status": "failed", "statusDetails": {"message": "AssertionError: assert False\n +  where False = <bound method LoginPage.checkPoint of <PageObjects.LoginPage.login_page.LoginPage object at 0x0000000003D92310>>()\n +    where <bound method LoginPage.checkPoint of <PageObjects.LoginPage.login_page.LoginPage object at 0x0000000003D92310>> = <PageObjects.LoginPage.login_page.LoginPage object at 0x0000000003D92310>.checkPoint", "trace": "self = <TestCases.test_logincase.test_login.Test_Login object at 0x0000000003D92220>, Driver = <selenium.webdriver.chrome.webdriver.WebDriver (session=\"cdab60e9f2b0e042967b59579098a34b\")>\n\n    @allure.story('测试登录成功')\n    def test_login_success(self, Driver):\n        app = {\"driver\": Driver,\"path\": Element.test_login_data,\"caseName\": sys._getframe().f_code.co_name,\"num\":3}\n        page=LoginPage(app)\n        page.operate()\n>       assert page.checkPoint()\nE       assert False\nE        +  where False = <bound method LoginPage.checkPoint of <PageObjects.LoginPage.login_page.LoginPage object at 0x0000000003D92310>>()\nE        +    where <bound method LoginPage.checkPoint of <PageObjects.LoginPage.login_page.LoginPage object at 0x0000000003D92310>> = <PageObjects.LoginPage.login_page.LoginPage object at 0x0000000003D92310>.checkPoint\n\nTestCases\\test_logincase\\test_login.py:42: AssertionError"}, "attachments": [{"name": "log", "source": "4df60d3f-1842-4f68-9d99-177803b8031c-attachment.txt", "type": "text/plain"}], "start": 1610612081748, "stop": 1610612082032, "uuid": "1785fba9-7f83-41b0-8f11-33057d9c307b", "historyId": "21d84dc5b0544f646e560b3fc6f8f462", "testCaseId": "425e6a65f727bca02eb5a180e78e8dd5", "fullName": "TestCases.test_logincase.test_login.Test_Login#test_login_success", "labels": [{"name": "story", "value": "测试登录成功"}, {"name": "parentSuite", "value": "TestCases.test_logincase"}, {"name": "suite", "value": "test_login"}, {"name": "subSuite", "value": "Test_Login"}, {"name": "host", "value": "USER-20190821YP"}, {"name": "thread", "value": "9976-MainThread"}, {"name": "framework", "value": "pytest"}, {"name": "language", "value": "cpython3"}, {"name": "package", "value": "TestCases.test_logincase.test_login"}]}