{
  "uid" : "84e43993438f448e",
  "name" : "test_login_usernameFormat_error",
  "fullName" : "TestCases.test_logincase.test_login.Test_Login#test_login_usernameFormat_error",
  "historyId" : "b7c9963723357b0faf6d03130d678f90",
  "time" : {
    "start" : 1610612081046,
    "stop" : 1610612081439,
    "duration" : 393
  },
  "status" : "failed",
  "statusMessage" : "AssertionError: assert False\n +  where False = <bound method LoginPage.checkPoint of <PageObjects.LoginPage.login_page.LoginPage object at 0x0000000003BFDCD0>>()\n +    where <bound method LoginPage.checkPoint of <PageObjects.LoginPage.login_page.LoginPage object at 0x0000000003BFDCD0>> = <PageObjects.LoginPage.login_page.LoginPage object at 0x0000000003BFDCD0>.checkPoint",
  "statusTrace" : "self = <TestCases.test_logincase.test_login.Test_Login object at 0x0000000003C75130>, Driver = <selenium.webdriver.chrome.webdriver.WebDriver (session=\"cdab60e9f2b0e042967b59579098a34b\")>\n\n    @allure.story('测试账号错误')\n    def test_login_usernameFormat_error(self, Driver):\n        app = {\"driver\": Driver,\"path\": Element.test_login_data,\"caseName\": sys._getframe().f_code.co_name,\"num\" :1}\n        page=LoginPage(app)\n        page.operate()\n>       assert page.checkPoint()\nE       assert False\nE        +  where False = <bound method LoginPage.checkPoint of <PageObjects.LoginPage.login_page.LoginPage object at 0x0000000003BFDCD0>>()\nE        +    where <bound method LoginPage.checkPoint of <PageObjects.LoginPage.login_page.LoginPage object at 0x0000000003BFDCD0>> = <PageObjects.LoginPage.login_page.LoginPage object at 0x0000000003BFDCD0>.checkPoint\n\nTestCases\\test_logincase\\test_login.py:28: AssertionError",
  "flaky" : false,
  "newFailed" : false,
  "beforeStages" : [ {
    "name" : "Driver",
    "time" : {
      "start" : 1610612055088,
      "stop" : 1610612076653,
      "duration" : 21565
    },
    "status" : "passed",
    "steps" : [ ],
    "attachments" : [ ],
    "parameters" : [ ],
    "stepsCount" : 0,
    "hasContent" : false,
    "attachmentsCount" : 0,
    "shouldDisplayMessage" : false
  } ],
  "testStage" : {
    "status" : "failed",
    "statusMessage" : "AssertionError: assert False\n +  where False = <bound method LoginPage.checkPoint of <PageObjects.LoginPage.login_page.LoginPage object at 0x0000000003BFDCD0>>()\n +    where <bound method LoginPage.checkPoint of <PageObjects.LoginPage.login_page.LoginPage object at 0x0000000003BFDCD0>> = <PageObjects.LoginPage.login_page.LoginPage object at 0x0000000003BFDCD0>.checkPoint",
    "statusTrace" : "self = <TestCases.test_logincase.test_login.Test_Login object at 0x0000000003C75130>, Driver = <selenium.webdriver.chrome.webdriver.WebDriver (session=\"cdab60e9f2b0e042967b59579098a34b\")>\n\n    @allure.story('测试账号错误')\n    def test_login_usernameFormat_error(self, Driver):\n        app = {\"driver\": Driver,\"path\": Element.test_login_data,\"caseName\": sys._getframe().f_code.co_name,\"num\" :1}\n        page=LoginPage(app)\n        page.operate()\n>       assert page.checkPoint()\nE       assert False\nE        +  where False = <bound method LoginPage.checkPoint of <PageObjects.LoginPage.login_page.LoginPage object at 0x0000000003BFDCD0>>()\nE        +    where <bound method LoginPage.checkPoint of <PageObjects.LoginPage.login_page.LoginPage object at 0x0000000003BFDCD0>> = <PageObjects.LoginPage.login_page.LoginPage object at 0x0000000003BFDCD0>.checkPoint\n\nTestCases\\test_logincase\\test_login.py:28: AssertionError",
    "steps" : [ ],
    "attachments" : [ {
      "uid" : "8c0252dc556bfcc",
      "name" : "log",
      "source" : "8c0252dc556bfcc.txt",
      "type" : "text/plain",
      "size" : 884
    } ],
    "parameters" : [ ],
    "stepsCount" : 0,
    "hasContent" : true,
    "attachmentsCount" : 1,
    "shouldDisplayMessage" : true
  },
  "afterStages" : [ {
    "name" : "Driver::0",
    "time" : {
      "start" : 1610612082040,
      "stop" : 1610612084183,
      "duration" : 2143
    },
    "status" : "passed",
    "steps" : [ ],
    "attachments" : [ ],
    "parameters" : [ ],
    "stepsCount" : 0,
    "hasContent" : false,
    "attachmentsCount" : 0,
    "shouldDisplayMessage" : false
  } ],
  "labels" : [ {
    "name" : "story",
    "value" : "测试账号错误"
  }, {
    "name" : "parentSuite",
    "value" : "TestCases.test_logincase"
  }, {
    "name" : "suite",
    "value" : "test_login"
  }, {
    "name" : "subSuite",
    "value" : "Test_Login"
  }, {
    "name" : "host",
    "value" : "USER-20190821YP"
  }, {
    "name" : "thread",
    "value" : "9976-MainThread"
  }, {
    "name" : "framework",
    "value" : "pytest"
  }, {
    "name" : "language",
    "value" : "cpython3"
  }, {
    "name" : "package",
    "value" : "TestCases.test_logincase.test_login"
  }, {
    "name" : "resultFormat",
    "value" : "allure2"
  } ],
  "parameters" : [ ],
  "links" : [ ],
  "hidden" : false,
  "retry" : false,
  "extra" : {
    "severity" : "normal",
    "retries" : [ ],
    "categories" : [ {
      "name" : "Product defects",
      "matchedStatuses" : [ ],
      "flaky" : false
    } ],
    "tags" : [ ]
  },
  "source" : "84e43993438f448e.json",
  "parameterValues" : [ ]
}