{"name": "test_login_success", "status": "failed", "statusDetails": {"message": "AssertionError: assert False\n +  where False = <bound method LoginPage.checkPoint of <PageObjects.LoginPage.login_page.LoginPage object at 0x0000000003C9FB20>>()\n +    where <bound method LoginPage.checkPoint of <PageObjects.LoginPage.login_page.LoginPage object at 0x0000000003C9FB20>> = <PageObjects.LoginPage.login_page.LoginPage object at 0x0000000003C9FB20>.checkPoint", "trace": "self = <TestCases.test_logincase.test_login.Test_Login object at 0x0000000003C9F3A0>, Driver = <selenium.webdriver.chrome.webdriver.WebDriver (session=\"68fbff58d9309bc4b77a0f264259e888\")>\n\n    @allure.story('测试登录成功')\n    def test_login_success(self, Driver):\n        app = {\"driver\": Driver,\"path\": Element.test_login_success_data,\"caseName\": sys._getframe().f_code.co_name,\"num\":3}\n        page=LoginPage(app)\n        page.operate()\n>       assert page.checkPoint()\nE       assert False\nE        +  where False = <bound method LoginPage.checkPoint of <PageObjects.LoginPage.login_page.LoginPage object at 0x0000000003C9FB20>>()\nE        +    where <bound method LoginPage.checkPoint of <PageObjects.LoginPage.login_page.LoginPage object at 0x0000000003C9FB20>> = <PageObjects.LoginPage.login_page.LoginPage object at 0x0000000003C9FB20>.checkPoint\n\nTestCases\\test_logincase\\test_login.py:42: AssertionError"}, "attachments": [{"name": "log", "source": "6a1f80dd-9ef9-4eda-97cb-33ac8ba43328-attachment.txt", "type": "text/plain"}], "start": 1610611764498, "stop": 1610611764739, "uuid": "2152b12f-77ae-4b5d-a431-8b34ab5a9472", "historyId": "21d84dc5b0544f646e560b3fc6f8f462", "testCaseId": "425e6a65f727bca02eb5a180e78e8dd5", "fullName": "TestCases.test_logincase.test_login.Test_Login#test_login_success", "labels": [{"name": "story", "value": "测试登录成功"}, {"name": "parentSuite", "value": "TestCases.test_logincase"}, {"name": "suite", "value": "test_login"}, {"name": "subSuite", "value": "Test_Login"}, {"name": "host", "value": "USER-20190821YP"}, {"name": "thread", "value": "11416-MainThread"}, {"name": "framework", "value": "pytest"}, {"name": "language", "value": "cpython3"}, {"name": "package", "value": "TestCases.test_logincase.test_login"}]}